Using pre-set license
Built from '2020.3/release' branch; Version is '2020.3.1f1 (77a89f25062f) revision 7841951'; Using compiler version '192528614'; Build Type 'Release'
OS: 'Windows 10 Home; OS build 19042.928; Version 2009; 64bit' Language: 'en' Physical Memory: 16250 MB
BatchMode: 1, IsHumanControllingUs: 0, StartBugReporterOnCrash: 0, Is64bit: 1, IsPro: 0

 COMMAND LINE ARGUMENTS:
C:\Program Files\Unity\Hub\Editor\2020.3.1f1\Editor\Unity.exe
-adb2
-batchMode
-noUpm
-name
AssetImportWorker0
-projectPath
C:/Users/antho/Final Projec
-logFile
Logs/AssetImportWorker0.log
-srvPort
64380
Successfully changed project path to: C:/Users/antho/Final Projec
C:/Users/antho/Final Projec
Using Asset Import Pipeline V2.
Refreshing native plugins compatible for Editor in 37.91 ms, found 0 plugins.
Preloading 0 native plugins for Editor in 0.00 ms.
Initialize engine version: 2020.3.1f1 (77a89f25062f)
[Subsystems] Discovering subsystems at path C:/Program Files/Unity/Hub/Editor/2020.3.1f1/Editor/Data/Resources/UnitySubsystems
[Subsystems] Discovering subsystems at path C:/Users/antho/Final Projec/Assets
GfxDevice: creating device client; threaded=0
Direct3D:
    Version:  Direct3D 11.0 [level 11.1]
    Renderer: NVIDIA GeForce GTX 1050 Ti (ID=0x1c8c)
    Vendor:   
    VRAM:     4018 MB
    Driver:   27.21.14.5167
Initialize mono
Mono path[0] = 'C:/Program Files/Unity/Hub/Editor/2020.3.1f1/Editor/Data/Managed'
Mono path[1] = 'C:/Program Files/Unity/Hub/Editor/2020.3.1f1/Editor/Data/MonoBleedingEdge/lib/mono/unityjit'
Mono config path = 'C:/Program Files/Unity/Hub/Editor/2020.3.1f1/Editor/Data/MonoBleedingEdge/etc'
Using monoOptions --debugger-agent=transport=dt_socket,embedding=1,server=y,suspend=n,address=127.0.0.1:56404
Begin MonoManager ReloadAssembly
Registering precompiled unity dll's ...
Register platform support module: C:/Program Files/Unity/Hub/Editor/2020.3.1f1/Editor/Data/PlaybackEngines/WebGLSupport/UnityEditor.WebGL.Extensions.dll
Register platform support module: C:/Program Files/Unity/Hub/Editor/2020.3.1f1/Editor/Data/PlaybackEngines/WindowsStandaloneSupport/UnityEditor.WindowsStandalone.Extensions.dll
Registered in 0.004949 seconds.
Native extension for WindowsStandalone target not found
Native extension for WebGL target not found
Refreshing native plugins compatible for Editor in 54.63 ms, found 0 plugins.
Preloading 0 native plugins for Editor in 0.00 ms.
Invoked RoslynAnalysisRunner static constructor.
RoslynAnalysisRunner will not be running.
RoslynAnalysisRunner has terminated.
Mono: successfully reloaded assembly
- Completed reload, in  1.943 seconds
Platform modules already initialized, skipping
Registering precompiled user dll's ...
Registered in 0.001920 seconds.
Begin MonoManager ReloadAssembly
Native extension for WindowsStandalone target not found
Native extension for WebGL target not found
Refreshing native plugins compatible for Editor in 0.34 ms, found 0 plugins.
Preloading 0 native plugins for Editor in 0.00 ms.
Invoked RoslynAnalysisRunner static constructor.
RoslynAnalysisRunner will not be running.
RoslynAnalysisRunner has terminated.
Mono: successfully reloaded assembly
- Completed reload, in  1.012 seconds
Platform modules already initialized, skipping
========================================================================
Worker process is ready to serve import requests
Launched and connected shader compiler UnityShaderCompiler.exe after 0.06 seconds
Refreshing native plugins compatible for Editor in 0.43 ms, found 0 plugins.
Preloading 0 native plugins for Editor in 0.00 ms.
Unloading 1344 Unused Serialized files (Serialized files now loaded: 0)
System memory in use before: 66.0 MB.
System memory in use after: 66.0 MB.

Unloading 11 unused Assets to reduce memory usage. Loaded Objects now: 1790.
Total: 2.404700 ms (FindLiveObjects: 0.437900 ms CreateObjectMapping: 0.163700 ms MarkObjects: 1.701100 ms  DeleteObjects: 0.100500 ms)

========================================================================
Received Import Request.
  path: Assets/Scripts/LevelExit.cs
  artifactKey: Guid(129fc83477ec84544b5ab21e2e590adb) Importer(815301076,1909f56bfc062723c751e8b465ee728b)
Start importing Assets/Scripts/LevelExit.cs using Guid(129fc83477ec84544b5ab21e2e590adb) Importer(815301076,1909f56bfc062723c751e8b465ee728b)  -> (artifact id: '0127d7641078c5735d87ae6e58c35069') in 0.119563 seconds
  Import took 0.122383 seconds .

========================================================================
Received Prepare
Registering precompiled user dll's ...
Registered in 0.001187 seconds.
Begin MonoManager ReloadAssembly
Native extension for WindowsStandalone target not found
Native extension for WebGL target not found
Refreshing native plugins compatible for Editor in 0.39 ms, found 0 plugins.
Preloading 0 native plugins for Editor in 0.00 ms.
Invoked RoslynAnalysisRunner static constructor.
RoslynAnalysisRunner will not be running.
RoslynAnalysisRunner has terminated.
Mono: successfully reloaded assembly
- Completed reload, in  1.126 seconds
Platform modules already initialized, skipping
Refreshing native plugins compatible for Editor in 0.36 ms, found 0 plugins.
Preloading 0 native plugins for Editor in 0.00 ms.
Unloading 1339 Unused Serialized files (Serialized files now loaded: 0)
System memory in use before: 66.0 MB.
System memory in use after: 66.1 MB.

Unloading 6 unused Assets to reduce memory usage. Loaded Objects now: 1794.
Total: 2.069100 ms (FindLiveObjects: 0.148600 ms CreateObjectMapping: 0.048200 ms MarkObjects: 1.794500 ms  DeleteObjects: 0.076500 ms)

========================================================================
Received Prepare
Registering precompiled user dll's ...
Registered in 0.001378 seconds.
Begin MonoManager ReloadAssembly
Native extension for WindowsStandalone target not found
Native extension for WebGL target not found
Refreshing native plugins compatible for Editor in 0.42 ms, found 0 plugins.
Preloading 0 native plugins for Editor in 0.00 ms.
Invoked RoslynAnalysisRunner static constructor.
RoslynAnalysisRunner will not be running.
RoslynAnalysisRunner has terminated.
Mono: successfully reloaded assembly
- Completed reload, in  1.179 seconds
Platform modules already initialized, skipping
Refreshing native plugins compatible for Editor in 0.36 ms, found 0 plugins.
Preloading 0 native plugins for Editor in 0.00 ms.
Unloading 1338 Unused Serialized files (Serialized files now loaded: 0)
System memory in use before: 66.0 MB.
System memory in use after: 66.1 MB.

Unloading 6 unused Assets to reduce memory usage. Loaded Objects now: 1797.
Total: 2.511000 ms (FindLiveObjects: 0.241900 ms CreateObjectMapping: 0.077600 ms MarkObjects: 2.118700 ms  DeleteObjects: 0.071100 ms)

========================================================================
Received Import Request.
  Time since last request: 663.801795 seconds.
  path: Assets/Scripts/GameManager.cs
  artifactKey: Guid(17801711969413a47b29d04c0d70facf) Importer(815301076,1909f56bfc062723c751e8b465ee728b)
Start importing Assets/Scripts/GameManager.cs using Guid(17801711969413a47b29d04c0d70facf) Importer(815301076,1909f56bfc062723c751e8b465ee728b)  -> (artifact id: '77eec4925a124906c145dda66e0827e4') in 0.014252 seconds
  Import took 0.017796 seconds .

========================================================================
Received Import Request.
  Time since last request: 0.026139 seconds.
  path: Assets/Scripts/GameManager.cs
  artifactKey: Guid(17801711969413a47b29d04c0d70facf) Importer(815301076,1909f56bfc062723c751e8b465ee728b)
Start importing Assets/Scripts/GameManager.cs using Guid(17801711969413a47b29d04c0d70facf) Importer(815301076,1909f56bfc062723c751e8b465ee728b)  -> (artifact id: '77eec4925a124906c145dda66e0827e4') in 0.006264 seconds
  Import took 0.009996 seconds .

========================================================================
Received Prepare
Registering precompiled user dll's ...
Registered in 0.001822 seconds.
Begin MonoManager ReloadAssembly
Native extension for WindowsStandalone target not found
Native extension for WebGL target not found
Refreshing native plugins compatible for Editor in 0.39 ms, found 0 plugins.
Preloading 0 native plugins for Editor in 0.00 ms.
Invoked RoslynAnalysisRunner static constructor.
RoslynAnalysisRunner will not be running.
RoslynAnalysisRunner has terminated.
Mono: successfully reloaded assembly
- Completed reload, in  0.988 seconds
Platform modules already initialized, skipping
Refreshing native plugins compatible for Editor in 0.35 ms, found 0 plugins.
Preloading 0 native plugins for Editor in 0.00 ms.
Unloading 1338 Unused Serialized files (Serialized files now loaded: 0)
System memory in use before: 66.0 MB.
System memory in use after: 66.1 MB.

Unloading 6 unused Assets to reduce memory usage. Loaded Objects now: 1800.
Total: 2.216600 ms (FindLiveObjects: 0.219000 ms CreateObjectMapping: 0.068600 ms MarkObjects: 1.827900 ms  DeleteObjects: 0.099800 ms)

========================================================================
Received Prepare
Registering precompiled user dll's ...
Registered in 0.002611 seconds.
Begin MonoManager ReloadAssembly
Native extension for WindowsStandalone target not found
Native extension for WebGL target not found
Refreshing native plugins compatible for Editor in 0.30 ms, found 0 plugins.
Preloading 0 native plugins for Editor in 0.00 ms.
Invoked RoslynAnalysisRunner static constructor.
RoslynAnalysisRunner will not be running.
RoslynAnalysisRunner has terminated.
Mono: successfully reloaded assembly
- Completed reload, in  1.038 seconds
Platform modules already initialized, skipping
Refreshing native plugins compatible for Editor in 0.35 ms, found 0 plugins.
Preloading 0 native plugins for Editor in 0.00 ms.
Unloading 1338 Unused Serialized files (Serialized files now loaded: 0)
System memory in use before: 66.0 MB.
System memory in use after: 66.1 MB.

Unloading 6 unused Assets to reduce memory usage. Loaded Objects now: 1803.
Total: 2.396200 ms (FindLiveObjects: 0.287200 ms CreateObjectMapping: 0.070200 ms MarkObjects: 1.969000 ms  DeleteObjects: 0.068500 ms)

========================================================================
Received Prepare
Registering precompiled user dll's ...
Registered in 0.003444 seconds.
Begin MonoManager ReloadAssembly
Native extension for WindowsStandalone target not found
Native extension for WebGL target not found
Refreshing native plugins compatible for Editor in 0.47 ms, found 0 plugins.
Preloading 0 native plugins for Editor in 0.00 ms.
Invoked RoslynAnalysisRunner static constructor.
RoslynAnalysisRunner will not be running.
RoslynAnalysisRunner has terminated.
Mono: successfully reloaded assembly
- Completed reload, in  0.973 seconds
Platform modules already initialized, skipping
Refreshing native plugins compatible for Editor in 0.62 ms, found 0 plugins.
Preloading 0 native plugins for Editor in 0.00 ms.
Unloading 1338 Unused Serialized files (Serialized files now loaded: 0)
System memory in use before: 66.0 MB.
System memory in use after: 66.1 MB.

Unloading 6 unused Assets to reduce memory usage. Loaded Objects now: 1806.
Total: 2.371900 ms (FindLiveObjects: 0.285500 ms CreateObjectMapping: 0.082900 ms MarkObjects: 1.910100 ms  DeleteObjects: 0.091300 ms)

========================================================================
Received Prepare
Registering precompiled user dll's ...
Registered in 0.001217 seconds.
Begin MonoManager ReloadAssembly
Native extension for WindowsStandalone target not found
Native extension for WebGL target not found
Refreshing native plugins compatible for Editor in 0.33 ms, found 0 plugins.
Preloading 0 native plugins for Editor in 0.00 ms.
Invoked RoslynAnalysisRunner static constructor.
RoslynAnalysisRunner will not be running.
RoslynAnalysisRunner has terminated.
Mono: successfully reloaded assembly
- Completed reload, in  1.049 seconds
Platform modules already initialized, skipping
Refreshing native plugins compatible for Editor in 0.45 ms, found 0 plugins.
Preloading 0 native plugins for Editor in 0.00 ms.
Unloading 1338 Unused Serialized files (Serialized files now loaded: 0)
System memory in use before: 66.0 MB.
System memory in use after: 66.1 MB.

Unloading 6 unused Assets to reduce memory usage. Loaded Objects now: 1809.
Total: 2.140400 ms (FindLiveObjects: 0.199100 ms CreateObjectMapping: 0.076400 ms MarkObjects: 1.791600 ms  DeleteObjects: 0.071700 ms)

========================================================================
Received Prepare
Registering precompiled user dll's ...
Registered in 0.001705 seconds.
Begin MonoManager ReloadAssembly
Native extension for WindowsStandalone target not found
Native extension for WebGL target not found
Refreshing native plugins compatible for Editor in 0.33 ms, found 0 plugins.
Preloading 0 native plugins for Editor in 0.00 ms.
Invoked RoslynAnalysisRunner static constructor.
RoslynAnalysisRunner will not be running.
RoslynAnalysisRunner has terminated.
Mono: successfully reloaded assembly
- Completed reload, in  0.955 seconds
Platform modules already initialized, skipping
Refreshing native plugins compatible for Editor in 0.41 ms, found 0 plugins.
Preloading 0 native plugins for Editor in 0.00 ms.
Unloading 1338 Unused Serialized files (Serialized files now loaded: 0)
System memory in use before: 66.0 MB.
System memory in use after: 66.1 MB.

Unloading 6 unused Assets to reduce memory usage. Loaded Objects now: 1812.
Total: 3.127000 ms (FindLiveObjects: 0.710400 ms CreateObjectMapping: 0.071500 ms MarkObjects: 2.277600 ms  DeleteObjects: 0.066000 ms)

========================================================================
Received Prepare
Registering precompiled user dll's ...
Registered in 0.004118 seconds.
Begin MonoManager ReloadAssembly
Native extension for WindowsStandalone target not found
Native extension for WebGL target not found
Refreshing native plugins compatible for Editor in 0.44 ms, found 0 plugins.
Preloading 0 native plugins for Editor in 0.00 ms.
Invoked RoslynAnalysisRunner static constructor.
RoslynAnalysisRunner will not be running.
RoslynAnalysisRunner has terminated.
Mono: successfully reloaded assembly
- Completed reload, in  1.053 seconds
Platform modules already initialized, skipping
Refreshing native plugins compatible for Editor in 0.35 ms, found 0 plugins.
Preloading 0 native plugins for Editor in 0.00 ms.
Unloading 1338 Unused Serialized files (Serialized files now loaded: 0)
System memory in use before: 66.0 MB.
System memory in use after: 66.1 MB.

Unloading 6 unused Assets to reduce memory usage. Loaded Objects now: 1815.
Total: 2.945400 ms (FindLiveObjects: 0.231800 ms CreateObjectMapping: 0.067400 ms MarkObjects: 2.536600 ms  DeleteObjects: 0.107900 ms)

========================================================================
Received Import Request.
  Time since last request: 340.954223 seconds.
  path: Assets/Scripts/PlayerController.cs
  artifactKey: Guid(49e918ef1c513484cb60263ce2fb5381) Importer(815301076,1909f56bfc062723c751e8b465ee728b)
Start importing Assets/Scripts/PlayerController.cs using Guid(49e918ef1c513484cb60263ce2fb5381) Importer(815301076,1909f56bfc062723c751e8b465ee728b)  -> (artifact id: 'a9596cfe3a156d6f068f8b19b1def6e6') in 0.013999 seconds
  Import took 0.016996 seconds .

========================================================================
Received Prepare
Registering precompiled user dll's ...
Registered in 0.003373 seconds.
Begin MonoManager ReloadAssembly
Native extension for WindowsStandalone target not found
Native extension for WebGL target not found
Refreshing native plugins compatible for Editor in 0.32 ms, found 0 plugins.
Preloading 0 native plugins for Editor in 0.00 ms.
Invoked RoslynAnalysisRunner static constructor.
RoslynAnalysisRunner will not be running.
RoslynAnalysisRunner has terminated.
Mono: successfully reloaded assembly
- Completed reload, in  1.007 seconds
Platform modules already initialized, skipping
Refreshing native plugins compatible for Editor in 0.33 ms, found 0 plugins.
Preloading 0 native plugins for Editor in 0.00 ms.
Unloading 1338 Unused Serialized files (Serialized files now loaded: 0)
System memory in use before: 66.0 MB.
System memory in use after: 66.1 MB.

Unloading 6 unused Assets to reduce memory usage. Loaded Objects now: 1818.
Total: 3.188300 ms (FindLiveObjects: 0.310100 ms CreateObjectMapping: 0.102100 ms MarkObjects: 2.685100 ms  DeleteObjects: 0.089800 ms)

========================================================================
Received Import Request.
  Time since last request: 169.566800 seconds.
  path: Assets/Scripts/PlayerController.cs
  artifactKey: Guid(49e918ef1c513484cb60263ce2fb5381) Importer(815301076,1909f56bfc062723c751e8b465ee728b)
Start importing Assets/Scripts/PlayerController.cs using Guid(49e918ef1c513484cb60263ce2fb5381) Importer(815301076,1909f56bfc062723c751e8b465ee728b)  -> (artifact id: '83016bbffd17f794bb8305a8e85e14be') in 0.006989 seconds
  Import took 0.009638 seconds .

========================================================================
Received Import Request.
  Time since last request: 1.368470 seconds.
  path: Assets/Scripts/PlayerController.cs
  artifactKey: Guid(49e918ef1c513484cb60263ce2fb5381) Importer(815301076,1909f56bfc062723c751e8b465ee728b)
Start importing Assets/Scripts/PlayerController.cs using Guid(49e918ef1c513484cb60263ce2fb5381) Importer(815301076,1909f56bfc062723c751e8b465ee728b)  -> (artifact id: '83016bbffd17f794bb8305a8e85e14be') in 0.030109 seconds
  Import took 0.033128 seconds .

========================================================================
Received Prepare
Registering precompiled user dll's ...
Registered in 0.001429 seconds.
Begin MonoManager ReloadAssembly
Native extension for WindowsStandalone target not found
Native extension for WebGL target not found
Refreshing native plugins compatible for Editor in 0.47 ms, found 0 plugins.
Preloading 0 native plugins for Editor in 0.00 ms.
Invoked RoslynAnalysisRunner static constructor.
RoslynAnalysisRunner will not be running.
RoslynAnalysisRunner has terminated.
Mono: successfully reloaded assembly
- Completed reload, in  1.089 seconds
Platform modules already initialized, skipping
Refreshing native plugins compatible for Editor in 0.36 ms, found 0 plugins.
Preloading 0 native plugins for Editor in 0.00 ms.
Unloading 1338 Unused Serialized files (Serialized files now loaded: 0)
System memory in use before: 66.0 MB.
System memory in use after: 66.1 MB.

Unloading 6 unused Assets to reduce memory usage. Loaded Objects now: 1821.
Total: 2.944400 ms (FindLiveObjects: 0.375000 ms CreateObjectMapping: 0.124900 ms MarkObjects: 2.347600 ms  DeleteObjects: 0.095200 ms)

========================================================================
Received Import Request.
  Time since last request: 74.633446 seconds.
  path: Assets/Scripts/AudioManager.cs
  artifactKey: Guid(306515597ca8d494ca7a60c480e8db9e) Importer(815301076,1909f56bfc062723c751e8b465ee728b)
Start importing Assets/Scripts/AudioManager.cs using Guid(306515597ca8d494ca7a60c480e8db9e) Importer(815301076,1909f56bfc062723c751e8b465ee728b)  -> (artifact id: 'b36eafe3472ea00ea1e1e8dfa7658932') in 0.013676 seconds
  Import took 0.016327 seconds .

========================================================================
Received Import Request.
  Time since last request: 0.026780 seconds.
  path: Assets/Scripts/AudioManager.cs
  artifactKey: Guid(306515597ca8d494ca7a60c480e8db9e) Importer(815301076,1909f56bfc062723c751e8b465ee728b)
Start importing Assets/Scripts/AudioManager.cs using Guid(306515597ca8d494ca7a60c480e8db9e) Importer(815301076,1909f56bfc062723c751e8b465ee728b)  -> (artifact id: 'b36eafe3472ea00ea1e1e8dfa7658932') in 0.007645 seconds
  Import took 0.011231 seconds .

========================================================================
Received Prepare
Registering precompiled user dll's ...
Registered in 0.001951 seconds.
Begin MonoManager ReloadAssembly
Native extension for WindowsStandalone target not found
Native extension for WebGL target not found
Refreshing native plugins compatible for Editor in 0.51 ms, found 0 plugins.
Preloading 0 native plugins for Editor in 0.00 ms.
Invoked RoslynAnalysisRunner static constructor.
RoslynAnalysisRunner will not be running.
RoslynAnalysisRunner has terminated.
Mono: successfully reloaded assembly
- Completed reload, in  1.204 seconds
Platform modules already initialized, skipping
Refreshing native plugins compatible for Editor in 0.34 ms, found 0 plugins.
Preloading 0 native plugins for Editor in 0.00 ms.
Unloading 1338 Unused Serialized files (Serialized files now loaded: 0)
System memory in use before: 66.1 MB.
System memory in use after: 66.1 MB.

Unloading 6 unused Assets to reduce memory usage. Loaded Objects now: 1824.
Total: 2.003200 ms (FindLiveObjects: 0.181000 ms CreateObjectMapping: 0.065800 ms MarkObjects: 1.686000 ms  DeleteObjects: 0.068700 ms)

========================================================================
Received Import Request.
  Time since last request: 491.560851 seconds.
  path: Assets/Level_0.unity
  artifactKey: Guid(14134ae6ae2e9a44996b1446179948fa) Importer(815301076,1909f56bfc062723c751e8b465ee728b)
Start importing Assets/Level_0.unity using Guid(14134ae6ae2e9a44996b1446179948fa) Importer(815301076,1909f56bfc062723c751e8b465ee728b)  -> (artifact id: '23c62d47e3ce1d83a84b233792935cc0') in 0.041873 seconds
  Import took 0.047718 seconds .

========================================================================
Received Prepare
Registering precompiled user dll's ...
Registered in 0.001378 seconds.
Begin MonoManager ReloadAssembly
Native extension for WindowsStandalone target not found
Native extension for WebGL target not found
Refreshing native plugins compatible for Editor in 0.33 ms, found 0 plugins.
Preloading 0 native plugins for Editor in 0.00 ms.
Invoked RoslynAnalysisRunner static constructor.
RoslynAnalysisRunner will not be running.
RoslynAnalysisRunner has terminated.
Mono: successfully reloaded assembly
- Completed reload, in  0.992 seconds
Platform modules already initialized, skipping
Refreshing native plugins compatible for Editor in 0.35 ms, found 0 plugins.
Preloading 0 native plugins for Editor in 0.00 ms.
Unloading 1338 Unused Serialized files (Serialized files now loaded: 0)
System memory in use before: 66.1 MB.
System memory in use after: 66.2 MB.

Unloading 6 unused Assets to reduce memory usage. Loaded Objects now: 1827.
Total: 2.188200 ms (FindLiveObjects: 0.231000 ms CreateObjectMapping: 0.068100 ms MarkObjects: 1.776300 ms  DeleteObjects: 0.111500 ms)

========================================================================
Received Prepare
Registering precompiled user dll's ...
Registered in 0.001787 seconds.
Begin MonoManager ReloadAssembly
Native extension for WindowsStandalone target not found
Native extension for WebGL target not found
Refreshing native plugins compatible for Editor in 0.35 ms, found 0 plugins.
Preloading 0 native plugins for Editor in 0.00 ms.
Invoked RoslynAnalysisRunner static constructor.
RoslynAnalysisRunner will not be running.
RoslynAnalysisRunner has terminated.
Mono: successfully reloaded assembly
- Completed reload, in  0.950 seconds
Platform modules already initialized, skipping
Refreshing native plugins compatible for Editor in 0.33 ms, found 0 plugins.
Preloading 0 native plugins for Editor in 0.00 ms.
Unloading 1338 Unused Serialized files (Serialized files now loaded: 0)
System memory in use before: 66.1 MB.
System memory in use after: 66.2 MB.

Unloading 6 unused Assets to reduce memory usage. Loaded Objects now: 1830.
Total: 2.392400 ms (FindLiveObjects: 0.284900 ms CreateObjectMapping: 0.056900 ms MarkObjects: 1.994200 ms  DeleteObjects: 0.053200 ms)

========================================================================
Received Prepare
Registering precompiled user dll's ...
Registered in 0.001307 seconds.
Begin MonoManager ReloadAssembly
Native extension for WindowsStandalone target not found
Native extension for WebGL target not found
Refreshing native plugins compatible for Editor in 0.31 ms, found 0 plugins.
Preloading 0 native plugins for Editor in 0.00 ms.
Invoked RoslynAnalysisRunner static constructor.
RoslynAnalysisRunner will not be running.
RoslynAnalysisRunner has terminated.
Mono: successfully reloaded assembly
- Completed reload, in  0.899 seconds
Platform modules already initialized, skipping
Refreshing native plugins compatible for Editor in 0.36 ms, found 0 plugins.
Preloading 0 native plugins for Editor in 0.00 ms.
Unloading 1338 Unused Serialized files (Serialized files now loaded: 0)
System memory in use before: 66.1 MB.
System memory in use after: 66.2 MB.

Unloading 6 unused Assets to reduce memory usage. Loaded Objects now: 1833.
Total: 1.852900 ms (FindLiveObjects: 0.200200 ms CreateObjectMapping: 0.053000 ms MarkObjects: 1.528500 ms  DeleteObjects: 0.069500 ms)

========================================================================
Received Prepare
Registering precompiled user dll's ...
Registered in 0.001274 seconds.
Begin MonoManager ReloadAssembly
Native extension for WindowsStandalone target not found
Native extension for WebGL target not found
Refreshing native plugins compatible for Editor in 0.35 ms, found 0 plugins.
Preloading 0 native plugins for Editor in 0.00 ms.
Invoked RoslynAnalysisRunner static constructor.
RoslynAnalysisRunner will not be running.
RoslynAnalysisRunner has terminated.
Mono: successfully reloaded assembly
- Completed reload, in  0.977 seconds
Platform modules already initialized, skipping
Refreshing native plugins compatible for Editor in 0.33 ms, found 0 plugins.
Preloading 0 native plugins for Editor in 0.00 ms.
Unloading 1338 Unused Serialized files (Serialized files now loaded: 0)
System memory in use before: 66.1 MB.
System memory in use after: 66.2 MB.

Unloading 6 unused Assets to reduce memory usage. Loaded Objects now: 1836.
Total: 2.425700 ms (FindLiveObjects: 0.380700 ms CreateObjectMapping: 0.083800 ms MarkObjects: 1.888200 ms  DeleteObjects: 0.071700 ms)

========================================================================
Received Import Request.
  Time since last request: 1262.335206 seconds.
  path: Assets/Prefabs/Player.prefab
  artifactKey: Guid(2bf9e0681c9681345a267467b6a68501) Importer(815301076,1909f56bfc062723c751e8b465ee728b)
Start importing Assets/Prefabs/Player.prefab using Guid(2bf9e0681c9681345a267467b6a68501) Importer(815301076,1909f56bfc062723c751e8b465ee728b)  -> (artifact id: '08a4e0838ae41c2fac3341848916fbbc') in 0.175552 seconds
  Import took 0.179423 seconds .

========================================================================
Received Import Request.
  Time since last request: 0.000316 seconds.
  path: Assets/Prefabs/SystemsManager.prefab
  artifactKey: Guid(59f0d668928f6b042bb65ecab59b3fbc) Importer(815301076,1909f56bfc062723c751e8b465ee728b)
Start importing Assets/Prefabs/SystemsManager.prefab using Guid(59f0d668928f6b042bb65ecab59b3fbc) Importer(815301076,1909f56bfc062723c751e8b465ee728b)  -> (artifact id: '4f95334475deecb6e8608fc1999065a8') in 0.012613 seconds
  Import took 0.015411 seconds .

========================================================================
Received Import Request.
  Time since last request: 533.660700 seconds.
  path: Assets/Gizmos/NavMeshLink Icon.png
  artifactKey: Guid(6df462796bd4d7d46bc432cec305d3b4) Importer(815301076,1909f56bfc062723c751e8b465ee728b)
Start importing Assets/Gizmos/NavMeshLink Icon.png using Guid(6df462796bd4d7d46bc432cec305d3b4) Importer(815301076,1909f56bfc062723c751e8b465ee728b)  -> (artifact id: '66099e3574422454739cd646b450974a') in 0.125485 seconds
  Import took 0.131052 seconds .

========================================================================
Received Import Request.
  Time since last request: 0.000322 seconds.
  path: Assets/Gizmos/NavMeshModifierVolume Icon.png
  artifactKey: Guid(5180ccbd614fce04dacba48a9f44dd63) Importer(815301076,1909f56bfc062723c751e8b465ee728b)
Start importing Assets/Gizmos/NavMeshModifierVolume Icon.png using Guid(5180ccbd614fce04dacba48a9f44dd63) Importer(815301076,1909f56bfc062723c751e8b465ee728b)  -> (artifact id: '88b5224119bc1b40a69f9ff3f21e63fb') in 0.018925 seconds
  Import took 0.022272 seconds .

========================================================================
Received Import Request.
  Time since last request: 0.000376 seconds.
  path: Assets/Gizmos/NavMeshSurface Icon.png
  artifactKey: Guid(4e3d9b08e60cf084e8241e8a2c81cab4) Importer(815301076,1909f56bfc062723c751e8b465ee728b)
Start importing Assets/Gizmos/NavMeshSurface Icon.png using Guid(4e3d9b08e60cf084e8241e8a2c81cab4) Importer(815301076,1909f56bfc062723c751e8b465ee728b)  -> (artifact id: '815f48b41b18bb4606c0d785d15eabaf') in 0.023492 seconds
  Import took 0.028132 seconds .

========================================================================
Received Import Request.
  Time since last request: 17.706867 seconds.
  path: Packages/com.unity.2d.sprite/Editor/ObjectMenuCreation/DefaultAssets/Textures/HexagonPointed-Top.png
  artifactKey: Guid(4b2a04fdbe0ef4d8da8f90eaca817cd1) Importer(815301076,1909f56bfc062723c751e8b465ee728b)
Start importing Packages/com.unity.2d.sprite/Editor/ObjectMenuCreation/DefaultAssets/Textures/HexagonPointed-Top.png using Guid(4b2a04fdbe0ef4d8da8f90eaca817cd1) Importer(815301076,1909f56bfc062723c751e8b465ee728b)  -> (artifact id: 'b2e391bc73ccda8db38af26d71deb753') in 0.047864 seconds
  Import took 0.051567 seconds .

========================================================================
Received Import Request.
  Time since last request: 0.000358 seconds.
  path: Assets/DownloadedAsset/NavMeshComponents-master (1)/NavMeshComponents-master/Assets/Examples/Materials/modify_crosshair.png
  artifactKey: Guid(7570ca4c27d3af448ad057ca9760d0da) Importer(815301076,1909f56bfc062723c751e8b465ee728b)
Start importing Assets/DownloadedAsset/NavMeshComponents-master (1)/NavMeshComponents-master/Assets/Examples/Materials/modify_crosshair.png using Guid(7570ca4c27d3af448ad057ca9760d0da) Importer(815301076,1909f56bfc062723c751e8b465ee728b)  -> (artifact id: 'aba59e1016b3402e124f1e7cc0927d67') in 0.031819 seconds
  Import took 0.036252 seconds .

========================================================================
Received Import Request.
  Time since last request: 0.000442 seconds.
  path: Packages/com.unity.2d.sprite/Editor/ObjectMenuCreation/DefaultAssets/Textures/HexagonPointed-Top.png
  artifactKey: Guid(4b2a04fdbe0ef4d8da8f90eaca817cd1) Importer(815301076,1909f56bfc062723c751e8b465ee728b)
Start importing Packages/com.unity.2d.sprite/Editor/ObjectMenuCreation/DefaultAssets/Textures/HexagonPointed-Top.png using Guid(4b2a04fdbe0ef4d8da8f90eaca817cd1) Importer(815301076,1909f56bfc062723c751e8b465ee728b)  -> (artifact id: 'b2e391bc73ccda8db38af26d71deb753') in 0.016579 seconds
  Import took 0.022189 seconds .

========================================================================
Received Import Request.
  Time since last request: 0.000352 seconds.
  path: Packages/com.unity.2d.sprite/Editor/ObjectMenuCreation/DefaultAssets/Textures/Square.png
  artifactKey: Guid(db750325989564987a34393247d883b4) Importer(815301076,1909f56bfc062723c751e8b465ee728b)
Start importing Packages/com.unity.2d.sprite/Editor/ObjectMenuCreation/DefaultAssets/Textures/Square.png using Guid(db750325989564987a34393247d883b4) Importer(815301076,1909f56bfc062723c751e8b465ee728b)  -> (artifact id: '2f9e1e4c6e0272486016fce03f9880a9') in 0.039756 seconds
  Import took 0.043315 seconds .

========================================================================
Received Import Request.
  Time since last request: 0.000318 seconds.
  path: Packages/com.unity.2d.sprite/Editor/ObjectMenuCreation/DefaultAssets/Textures/IsometricDiamond.png
  artifactKey: Guid(0d267bc78a0864eb48358689b29ed20a) Importer(815301076,1909f56bfc062723c751e8b465ee728b)
Start importing Packages/com.unity.2d.sprite/Editor/ObjectMenuCreation/DefaultAssets/Textures/IsometricDiamond.png using Guid(0d267bc78a0864eb48358689b29ed20a) Importer(815301076,1909f56bfc062723c751e8b465ee728b)  -> (artifact id: 'f8678504a9a804c7c626d1a7061f3b14') in 0.033600 seconds
  Import took 0.041077 seconds .

========================================================================
Received Prepare
Registering precompiled user dll's ...
Registered in 0.001167 seconds.
Begin MonoManager ReloadAssembly
Native extension for WindowsStandalone target not found
Native extension for WebGL target not found
Refreshing native plugins compatible for Editor in 0.53 ms, found 0 plugins.
Preloading 0 native plugins for Editor in 0.00 ms.
Invoked RoslynAnalysisRunner static constructor.
RoslynAnalysisRunner will not be running.
RoslynAnalysisRunner has terminated.
Mono: successfully reloaded assembly
- Completed reload, in  1.136 seconds
Platform modules already initialized, skipping
Refreshing native plugins compatible for Editor in 0.34 ms, found 0 plugins.
Preloading 0 native plugins for Editor in 0.00 ms.
Unloading 1339 Unused Serialized files (Serialized files now loaded: 0)
System memory in use before: 83.3 MB.
System memory in use after: 83.4 MB.

Unloading 6 unused Assets to reduce memory usage. Loaded Objects now: 1854.
Total: 2.156400 ms (FindLiveObjects: 0.243500 ms CreateObjectMapping: 0.088900 ms MarkObjects: 1.754900 ms  DeleteObjects: 0.068000 ms)

========================================================================
Received Import Request.
  Time since last request: 96.003557 seconds.
  path: Assets/Scripts/MainMenu.cs
  artifactKey: Guid(2bdc30273e323b246aaedbe1638a56dc) Importer(815301076,1909f56bfc062723c751e8b465ee728b)
Start importing Assets/Scripts/MainMenu.cs using Guid(2bdc30273e323b246aaedbe1638a56dc) Importer(815301076,1909f56bfc062723c751e8b465ee728b)  -> (artifact id: '83550bcbba03acc7754412e3166c826d') in 0.010745 seconds
  Import took 0.014433 seconds .

========================================================================
Received Prepare
Registering precompiled user dll's ...
Registered in 0.001463 seconds.
Begin MonoManager ReloadAssembly
Native extension for WindowsStandalone target not found
Native extension for WebGL target not found
Refreshing native plugins compatible for Editor in 0.30 ms, found 0 plugins.
Preloading 0 native plugins for Editor in 0.00 ms.
Invoked RoslynAnalysisRunner static constructor.
RoslynAnalysisRunner will not be running.
RoslynAnalysisRunner has terminated.
Mono: successfully reloaded assembly
- Completed reload, in  0.981 seconds
Platform modules already initialized, skipping
Refreshing native plugins compatible for Editor in 0.34 ms, found 0 plugins.
Preloading 0 native plugins for Editor in 0.00 ms.
Unloading 1339 Unused Serialized files (Serialized files now loaded: 0)
System memory in use before: 83.3 MB.
System memory in use after: 83.4 MB.

Unloading 6 unused Assets to reduce memory usage. Loaded Objects now: 1857.
Total: 2.371200 ms (FindLiveObjects: 0.211800 ms CreateObjectMapping: 0.053400 ms MarkObjects: 2.012300 ms  DeleteObjects: 0.092600 ms)

========================================================================
Received Prepare
Registering precompiled user dll's ...
Registered in 0.001312 seconds.
Begin MonoManager ReloadAssembly
Native extension for WindowsStandalone target not found
Native extension for WebGL target not found
Refreshing native plugins compatible for Editor in 0.32 ms, found 0 plugins.
Preloading 0 native plugins for Editor in 0.00 ms.
Invoked RoslynAnalysisRunner static constructor.
RoslynAnalysisRunner will not be running.
RoslynAnalysisRunner has terminated.
Mono: successfully reloaded assembly
- Completed reload, in  1.061 seconds
Platform modules already initialized, skipping
Refreshing native plugins compatible for Editor in 0.33 ms, found 0 plugins.
Preloading 0 native plugins for Editor in 0.00 ms.
Unloading 1339 Unused Serialized files (Serialized files now loaded: 0)
System memory in use before: 83.3 MB.
System memory in use after: 83.4 MB.

Unloading 6 unused Assets to reduce memory usage. Loaded Objects now: 1860.
Total: 2.930100 ms (FindLiveObjects: 0.205100 ms CreateObjectMapping: 0.056000 ms MarkObjects: 2.539200 ms  DeleteObjects: 0.128500 ms)

========================================================================
Received Import Request.
  Time since last request: 362.261528 seconds.
  path: Assets/Scripts/MainMenu.cs
  artifactKey: Guid(2bdc30273e323b246aaedbe1638a56dc) Importer(815301076,1909f56bfc062723c751e8b465ee728b)
Start importing Assets/Scripts/MainMenu.cs using Guid(2bdc30273e323b246aaedbe1638a56dc) Importer(815301076,1909f56bfc062723c751e8b465ee728b)  -> (artifact id: 'ff805a265aa8446ba4bbebe8543706f3') in 0.007221 seconds
  Import took 0.009851 seconds .

========================================================================
Received Import Request.
  Time since last request: 405.487977 seconds.
  path: Assets/Scripts/UIManager.cs
  artifactKey: Guid(ea420244709f24c4c9a35c4a61a8938c) Importer(815301076,1909f56bfc062723c751e8b465ee728b)
Start importing Assets/Scripts/UIManager.cs using Guid(ea420244709f24c4c9a35c4a61a8938c) Importer(815301076,1909f56bfc062723c751e8b465ee728b)  -> (artifact id: '4b44a360def8806833d19708223a2580') in 0.080201 seconds
  Import took 0.083965 seconds .

========================================================================
Received Prepare
Registering precompiled user dll's ...
Registered in 0.002311 seconds.
Begin MonoManager ReloadAssembly
Native extension for WindowsStandalone target not found
Native extension for WebGL target not found
Refreshing native plugins compatible for Editor in 0.31 ms, found 0 plugins.
Preloading 0 native plugins for Editor in 0.00 ms.
Invoked RoslynAnalysisRunner static constructor.
RoslynAnalysisRunner will not be running.
RoslynAnalysisRunner has terminated.
Mono: successfully reloaded assembly
- Completed reload, in  1.136 seconds
Platform modules already initialized, skipping
Refreshing native plugins compatible for Editor in 0.34 ms, found 0 plugins.
Preloading 0 native plugins for Editor in 0.00 ms.
Unloading 1339 Unused Serialized files (Serialized files now loaded: 0)
System memory in use before: 83.3 MB.
System memory in use after: 83.4 MB.

Unloading 6 unused Assets to reduce memory usage. Loaded Objects now: 1863.
Total: 1.936300 ms (FindLiveObjects: 0.185100 ms CreateObjectMapping: 0.046000 ms MarkObjects: 1.644300 ms  DeleteObjects: 0.059200 ms)

========================================================================
Received Import Request.
  Time since last request: 80.953506 seconds.
  path: Assets/Scripts/UIManager.cs
  artifactKey: Guid(ea420244709f24c4c9a35c4a61a8938c) Importer(815301076,1909f56bfc062723c751e8b465ee728b)
Start importing Assets/Scripts/UIManager.cs using Guid(ea420244709f24c4c9a35c4a61a8938c) Importer(815301076,1909f56bfc062723c751e8b465ee728b)  -> (artifact id: 'dcc319cb67daf317632e4952510bf7da') in 0.006924 seconds
  Import took 0.010231 seconds .

========================================================================
Received Import Request.
  Time since last request: 18.563806 seconds.
  path: Assets/Prefabs/LevelPack/LevelPack 1.prefab
  artifactKey: Guid(677a73a4f2b15784f85ea831fbc917a0) Importer(815301076,1909f56bfc062723c751e8b465ee728b)
Start importing Assets/Prefabs/LevelPack/LevelPack 1.prefab using Guid(677a73a4f2b15784f85ea831fbc917a0) Importer(815301076,1909f56bfc062723c751e8b465ee728b)  -> (artifact id: 'c286495cf4cd18545b6a1a9667ecf215') in 0.192618 seconds
  Import took 0.197707 seconds .

========================================================================
Received Import Request.
  Time since last request: 0.000281 seconds.
  path: Assets/Prefabs/LevelPack/LevelPack.prefab
  artifactKey: Guid(1abeab0dfc2434f499dcea623aae8e5f) Importer(815301076,1909f56bfc062723c751e8b465ee728b)
Start importing Assets/Prefabs/LevelPack/LevelPack.prefab using Guid(1abeab0dfc2434f499dcea623aae8e5f) Importer(815301076,1909f56bfc062723c751e8b465ee728b)  -> (artifact id: '4f51c14c20cc2a520792b85ddb3dfe99') in 0.081037 seconds
  Import took 0.087903 seconds .

========================================================================
Received Import Request.
  Time since last request: 1.370576 seconds.
  path: Assets/Scenes/Test1.unity
  artifactKey: Guid(ecefc4b5993f1824ba2bee2d31ffa3aa) Importer(815301076,1909f56bfc062723c751e8b465ee728b)
Start importing Assets/Scenes/Test1.unity using Guid(ecefc4b5993f1824ba2bee2d31ffa3aa) Importer(815301076,1909f56bfc062723c751e8b465ee728b)  -> (artifact id: '087c9859d94cbadd9ab7908458de2228') in 0.041928 seconds
  Import took 0.046657 seconds .

========================================================================
Received Import Request.
  Time since last request: 51.473000 seconds.
  path: Assets/MainMenu.unity
  artifactKey: Guid(4f6a003619287474a9d4b7b81ba756f7) Importer(815301076,1909f56bfc062723c751e8b465ee728b)
Start importing Assets/MainMenu.unity using Guid(4f6a003619287474a9d4b7b81ba756f7) Importer(815301076,1909f56bfc062723c751e8b465ee728b)  -> (artifact id: '0e82e530ee44679265e58fe5bb34db3d') in 0.083097 seconds
  Import took 0.086089 seconds .

========================================================================
Received Prepare
Registering precompiled user dll's ...
Registered in 0.001484 seconds.
Begin MonoManager ReloadAssembly
Native extension for WindowsStandalone target not found
Native extension for WebGL target not found
Refreshing native plugins compatible for Editor in 0.31 ms, found 0 plugins.
Preloading 0 native plugins for Editor in 0.00 ms.
Invoked RoslynAnalysisRunner static constructor.
RoslynAnalysisRunner will not be running.
RoslynAnalysisRunner has terminated.
Mono: successfully reloaded assembly
- Completed reload, in  0.980 seconds
Platform modules already initialized, skipping
Refreshing native plugins compatible for Editor in 0.77 ms, found 0 plugins.
Preloading 0 native plugins for Editor in 0.00 ms.
Unloading 1339 Unused Serialized files (Serialized files now loaded: 0)
System memory in use before: 83.5 MB.
System memory in use after: 83.5 MB.

Unloading 7 unused Assets to reduce memory usage. Loaded Objects now: 1869.
Total: 2.380800 ms (FindLiveObjects: 0.195300 ms CreateObjectMapping: 0.074400 ms MarkObjects: 2.015300 ms  DeleteObjects: 0.093900 ms)

========================================================================
Received Import Request.
  Time since last request: 14.420928 seconds.
  path: Assets/Level_0.unity
  artifactKey: Guid(14134ae6ae2e9a44996b1446179948fa) Importer(815301076,1909f56bfc062723c751e8b465ee728b)
Start importing Assets/Level_0.unity using Guid(14134ae6ae2e9a44996b1446179948fa) Importer(815301076,1909f56bfc062723c751e8b465ee728b)  -> (artifact id: '898160c46eab520af1bcfe601248aaeb') in 0.105453 seconds
  Import took 0.108265 seconds .

========================================================================
Received Import Request.
  Time since last request: 19.591424 seconds.
  path: Assets/Level1.unity
  artifactKey: Guid(039cb08a4db15a24ca9dd9ad409aab64) Importer(815301076,1909f56bfc062723c751e8b465ee728b)
Start importing Assets/Level1.unity using Guid(039cb08a4db15a24ca9dd9ad409aab64) Importer(815301076,1909f56bfc062723c751e8b465ee728b)  -> (artifact id: '095e8937288647368370e07f043e99eb') in 0.045255 seconds
  Import took 0.048982 seconds .

========================================================================
Received Import Request.
  Time since last request: 49.106541 seconds.
  path: Assets/Level1/NavMesh.asset
  artifactKey: Guid(4af912c6f3060f04391dcec2820067f6) Importer(815301076,1909f56bfc062723c751e8b465ee728b)
Start importing Assets/Level1/NavMesh.asset using Guid(4af912c6f3060f04391dcec2820067f6) Importer(815301076,1909f56bfc062723c751e8b465ee728b)  -> (artifact id: '56425166a93bb8cb19cbfc91c14df1ff') in 0.039587 seconds
  Import took 0.043166 seconds .

========================================================================
Received Import Request.
  Time since last request: 0.812665 seconds.
  path: Assets/Level_0/NavMesh.asset
  artifactKey: Guid(a90d3e1ea7ce87c4f9346ab0b76af95e) Importer(815301076,1909f56bfc062723c751e8b465ee728b)
Start importing Assets/Level_0/NavMesh.asset using Guid(a90d3e1ea7ce87c4f9346ab0b76af95e) Importer(815301076,1909f56bfc062723c751e8b465ee728b)  -> (artifact id: '125e10104a7c3cd538a7214c6623f3f7') in 0.031980 seconds
  Import took 0.035575 seconds .

========================================================================
Received Prepare
Registering precompiled user dll's ...
Registered in 0.001319 seconds.
Begin MonoManager ReloadAssembly
Native extension for WindowsStandalone target not found
Native extension for WebGL target not found
Refreshing native plugins compatible for Editor in 0.31 ms, found 0 plugins.
Preloading 0 native plugins for Editor in 0.00 ms.
Invoked RoslynAnalysisRunner static constructor.
RoslynAnalysisRunner will not be running.
RoslynAnalysisRunner has terminated.
Mono: successfully reloaded assembly
- Completed reload, in  0.962 seconds
Platform modules already initialized, skipping
Refreshing native plugins compatible for Editor in 0.35 ms, found 0 plugins.
Preloading 0 native plugins for Editor in 0.00 ms.
Unloading 1339 Unused Serialized files (Serialized files now loaded: 0)
System memory in use before: 83.5 MB.
System memory in use after: 83.6 MB.

Unloading 6 unused Assets to reduce memory usage. Loaded Objects now: 1872.
Total: 2.414300 ms (FindLiveObjects: 0.418000 ms CreateObjectMapping: 0.103700 ms MarkObjects: 1.817600 ms  DeleteObjects: 0.073600 ms)

========================================================================
Received Import Request.
  Time since last request: 1017.285626 seconds.
  path: Assets/Scenes/Test1.unity
  artifactKey: Guid(ecefc4b5993f1824ba2bee2d31ffa3aa) Importer(815301076,1909f56bfc062723c751e8b465ee728b)
Start importing Assets/Scenes/Test1.unity using Guid(ecefc4b5993f1824ba2bee2d31ffa3aa) Importer(815301076,1909f56bfc062723c751e8b465ee728b)  -> (artifact id: 'cba08547e8b5c92679145d373dade2d8') in 0.028877 seconds
  Import took 0.034298 seconds .

========================================================================
Received Import Request.
  Time since last request: 0.001048 seconds.
  path: Assets/Scenes/Test1.unity
  artifactKey: Guid(ecefc4b5993f1824ba2bee2d31ffa3aa) Importer(815301076,1909f56bfc062723c751e8b465ee728b)
Start importing Assets/Scenes/Test1.unity using Guid(ecefc4b5993f1824ba2bee2d31ffa3aa) Importer(815301076,1909f56bfc062723c751e8b465ee728b)  -> (artifact id: 'cba08547e8b5c92679145d373dade2d8') in 0.010913 seconds
  Import took 0.015617 seconds .

========================================================================
Received Import Request.
  Time since last request: 10.317293 seconds.
  path: Assets/Prefabs/LevelEnd.prefab
  artifactKey: Guid(09135cbfe4e04224481647504b3233db) Importer(815301076,1909f56bfc062723c751e8b465ee728b)
Start importing Assets/Prefabs/LevelEnd.prefab using Guid(09135cbfe4e04224481647504b3233db) Importer(815301076,1909f56bfc062723c751e8b465ee728b)  -> (artifact id: '5f43749314cd49b0237aa2afe86e436c') in 0.111563 seconds
  Import took 0.117123 seconds .

========================================================================
Received Import Request.
  Time since last request: 0.005068 seconds.
  path: Assets/Prefabs/LevelEnd.prefab
  artifactKey: Guid(09135cbfe4e04224481647504b3233db) Importer(815301076,1909f56bfc062723c751e8b465ee728b)
Start importing Assets/Prefabs/LevelEnd.prefab using Guid(09135cbfe4e04224481647504b3233db) Importer(815301076,1909f56bfc062723c751e8b465ee728b)  -> (artifact id: '5f43749314cd49b0237aa2afe86e436c') in 0.028658 seconds
  Import took 0.033441 seconds .

========================================================================
Received Import Request.
  Time since last request: 6.906752 seconds.
  path: Assets/Level_0.unity
  artifactKey: Guid(14134ae6ae2e9a44996b1446179948fa) Importer(815301076,1909f56bfc062723c751e8b465ee728b)
Start importing Assets/Level_0.unity using Guid(14134ae6ae2e9a44996b1446179948fa) Importer(815301076,1909f56bfc062723c751e8b465ee728b)  -> (artifact id: '1e2dda6147826107ce097ad5482a6f9f') in 0.009589 seconds
  Import took 0.012731 seconds .

========================================================================
Received Import Request.
  Time since last request: 206.342031 seconds.
  path: Assets/Scripts/LevelExit.cs
  artifactKey: Guid(129fc83477ec84544b5ab21e2e590adb) Importer(815301076,1909f56bfc062723c751e8b465ee728b)
Start importing Assets/Scripts/LevelExit.cs using Guid(129fc83477ec84544b5ab21e2e590adb) Importer(815301076,1909f56bfc062723c751e8b465ee728b)  -> (artifact id: '71942f08a1f2a66b8a52c74bc86fc646') in 0.004795 seconds
  Import took 0.038416 seconds .

========================================================================
Received Import Request.
  Time since last request: 0.015400 seconds.
  path: Assets/Scripts/LevelExit.cs
  artifactKey: Guid(129fc83477ec84544b5ab21e2e590adb) Importer(815301076,1909f56bfc062723c751e8b465ee728b)
Start importing Assets/Scripts/LevelExit.cs using Guid(129fc83477ec84544b5ab21e2e590adb) Importer(815301076,1909f56bfc062723c751e8b465ee728b)  -> (artifact id: '71942f08a1f2a66b8a52c74bc86fc646') in 0.005379 seconds
  Import took 0.011935 seconds .

========================================================================
Received Prepare
Registering precompiled user dll's ...
Registered in 0.008537 seconds.
Begin MonoManager ReloadAssembly
Native extension for WindowsStandalone target not found
Native extension for WebGL target not found
Refreshing native plugins compatible for Editor in 0.43 ms, found 0 plugins.
Preloading 0 native plugins for Editor in 0.00 ms.
Invoked RoslynAnalysisRunner static constructor.
RoslynAnalysisRunner will not be running.
RoslynAnalysisRunner has terminated.
Mono: successfully reloaded assembly
- Completed reload, in  1.120 seconds
Platform modules already initialized, skipping
Refreshing native plugins compatible for Editor in 0.46 ms, found 0 plugins.
Preloading 0 native plugins for Editor in 0.00 ms.
Unloading 1339 Unused Serialized files (Serialized files now loaded: 0)
System memory in use before: 83.5 MB.
System memory in use after: 83.6 MB.

Unloading 6 unused Assets to reduce memory usage. Loaded Objects now: 1876.
Total: 6.839700 ms (FindLiveObjects: 0.250300 ms CreateObjectMapping: 0.074000 ms MarkObjects: 5.316200 ms  DeleteObjects: 1.197400 ms)

========================================================================
Received Import Request.
  Time since last request: 1021.030379 seconds.
  path: Assets/Level1.unity
  artifactKey: Guid(039cb08a4db15a24ca9dd9ad409aab64) Importer(815301076,1909f56bfc062723c751e8b465ee728b)
Start importing Assets/Level1.unity using Guid(039cb08a4db15a24ca9dd9ad409aab64) Importer(815301076,1909f56bfc062723c751e8b465ee728b)  -> (artifact id: '0d67b100ec5b2dc6be0d7b929f35e070') in 0.036402 seconds
  Import took 0.040559 seconds .

========================================================================
Received Prepare
Registering precompiled user dll's ...
Registered in 0.001963 seconds.
Begin MonoManager ReloadAssembly
Native extension for WindowsStandalone target not found
Native extension for WebGL target not found
Refreshing native plugins compatible for Editor in 0.62 ms, found 0 plugins.
Preloading 0 native plugins for Editor in 0.00 ms.
Invoked RoslynAnalysisRunner static constructor.
RoslynAnalysisRunner will not be running.
RoslynAnalysisRunner has terminated.
Mono: successfully reloaded assembly
- Completed reload, in  0.968 seconds
Platform modules already initialized, skipping
Refreshing native plugins compatible for Editor in 0.34 ms, found 0 plugins.
Preloading 0 native plugins for Editor in 0.00 ms.
Unloading 1339 Unused Serialized files (Serialized files now loaded: 0)
System memory in use before: 83.5 MB.
System memory in use after: 83.6 MB.

Unloading 6 unused Assets to reduce memory usage. Loaded Objects now: 1879.
Total: 1.970400 ms (FindLiveObjects: 0.171600 ms CreateObjectMapping: 0.052000 ms MarkObjects: 1.642300 ms  DeleteObjects: 0.103700 ms)

========================================================================
Received Prepare
Registering precompiled user dll's ...
Registered in 0.001377 seconds.
Begin MonoManager ReloadAssembly
Native extension for WindowsStandalone target not found
Native extension for WebGL target not found
Refreshing native plugins compatible for Editor in 0.42 ms, found 0 plugins.
Preloading 0 native plugins for Editor in 0.00 ms.
Invoked RoslynAnalysisRunner static constructor.
RoslynAnalysisRunner will not be running.
RoslynAnalysisRunner has terminated.
Mono: successfully reloaded assembly
- Completed reload, in  0.949 seconds
Platform modules already initialized, skipping
Refreshing native plugins compatible for Editor in 0.40 ms, found 0 plugins.
Preloading 0 native plugins for Editor in 0.00 ms.
Unloading 1339 Unused Serialized files (Serialized files now loaded: 0)
System memory in use before: 83.5 MB.
System memory in use after: 83.6 MB.

Unloading 6 unused Assets to reduce memory usage. Loaded Objects now: 1882.
Total: 2.261000 ms (FindLiveObjects: 0.197000 ms CreateObjectMapping: 0.058200 ms MarkObjects: 1.930100 ms  DeleteObjects: 0.074200 ms)

========================================================================
Received Prepare
Registering precompiled user dll's ...
Registered in 0.001332 seconds.
Begin MonoManager ReloadAssembly
Native extension for WindowsStandalone target not found
Native extension for WebGL target not found
Refreshing native plugins compatible for Editor in 0.32 ms, found 0 plugins.
Preloading 0 native plugins for Editor in 0.00 ms.
Invoked RoslynAnalysisRunner static constructor.
RoslynAnalysisRunner will not be running.
RoslynAnalysisRunner has terminated.
Mono: successfully reloaded assembly
- Completed reload, in  0.841 seconds
Platform modules already initialized, skipping
Refreshing native plugins compatible for Editor in 0.33 ms, found 0 plugins.
Preloading 0 native plugins for Editor in 0.00 ms.
Unloading 1339 Unused Serialized files (Serialized files now loaded: 0)
System memory in use before: 83.5 MB.
System memory in use after: 83.6 MB.

Unloading 6 unused Assets to reduce memory usage. Loaded Objects now: 1885.
Total: 1.862500 ms (FindLiveObjects: 0.167200 ms CreateObjectMapping: 0.048900 ms MarkObjects: 1.573200 ms  DeleteObjects: 0.071500 ms)

========================================================================
Received Import Request.
  Time since last request: 1127.261107 seconds.
  path: Assets/Scripts/WinScreen.cs
  artifactKey: Guid(519f5bc6aeb442f419b4ec453f53e2fe) Importer(815301076,1909f56bfc062723c751e8b465ee728b)
Start importing Assets/Scripts/WinScreen.cs using Guid(519f5bc6aeb442f419b4ec453f53e2fe) Importer(815301076,1909f56bfc062723c751e8b465ee728b)  -> (artifact id: '1fe62415d0065676953a2bfdc31d5a97') in 0.023796 seconds
  Import took 0.034434 seconds .

========================================================================
Received Prepare
Registering precompiled user dll's ...
Registered in 0.001699 seconds.
Begin MonoManager ReloadAssembly
Native extension for WindowsStandalone target not found
Native extension for WebGL target not found
Refreshing native plugins compatible for Editor in 0.53 ms, found 0 plugins.
Preloading 0 native plugins for Editor in 0.00 ms.
Invoked RoslynAnalysisRunner static constructor.
RoslynAnalysisRunner will not be running.
RoslynAnalysisRunner has terminated.
Mono: successfully reloaded assembly
- Completed reload, in  1.299 seconds
Platform modules already initialized, skipping
Refreshing native plugins compatible for Editor in 0.67 ms, found 0 plugins.
Preloading 0 native plugins for Editor in 0.00 ms.
Unloading 1340 Unused Serialized files (Serialized files now loaded: 0)
System memory in use before: 83.6 MB.
System memory in use after: 83.6 MB.

Unloading 6 unused Assets to reduce memory usage. Loaded Objects now: 1889.
Total: 3.415000 ms (FindLiveObjects: 0.196000 ms CreateObjectMapping: 0.065200 ms MarkObjects: 3.078000 ms  DeleteObjects: 0.073900 ms)

========================================================================
Received Prepare
Registering precompiled user dll's ...
Registered in 0.002165 seconds.
Begin MonoManager ReloadAssembly
Native extension for WindowsStandalone target not found
Native extension for WebGL target not found
Refreshing native plugins compatible for Editor in 0.45 ms, found 0 plugins.
Preloading 0 native plugins for Editor in 0.00 ms.
Invoked RoslynAnalysisRunner static constructor.
RoslynAnalysisRunner will not be running.
RoslynAnalysisRunner has terminated.
Mono: successfully reloaded assembly
- Completed reload, in  1.263 seconds
Platform modules already initialized, skipping
Refreshing native plugins compatible for Editor in 0.41 ms, found 0 plugins.
Preloading 0 native plugins for Editor in 0.00 ms.
Unloading 1340 Unused Serialized files (Serialized files now loaded: 0)
System memory in use before: 83.6 MB.
System memory in use after: 83.6 MB.

Unloading 6 unused Assets to reduce memory usage. Loaded Objects now: 1892.
Total: 2.269300 ms (FindLiveObjects: 0.257900 ms CreateObjectMapping: 0.052100 ms MarkObjects: 1.809000 ms  DeleteObjects: 0.149000 ms)

========================================================================
Received Import Request.
  Time since last request: 227.293037 seconds.
  path: Assets/Level1.unity
  artifactKey: Guid(039cb08a4db15a24ca9dd9ad409aab64) Importer(815301076,1909f56bfc062723c751e8b465ee728b)
Start importing Assets/Level1.unity using Guid(039cb08a4db15a24ca9dd9ad409aab64) Importer(815301076,1909f56bfc062723c751e8b465ee728b)  -> (artifact id: '0ad82070a0099765850e4cdbbfca476e') in 0.054887 seconds
  Import took 0.058149 seconds .

========================================================================
Received Import Request.
  Time since last request: 94.554355 seconds.
  path: Assets/WinScreen.unity
  artifactKey: Guid(1bb89eaba3855494f9e88f37daff1517) Importer(815301076,1909f56bfc062723c751e8b465ee728b)
Start importing Assets/WinScreen.unity using Guid(1bb89eaba3855494f9e88f37daff1517) Importer(815301076,1909f56bfc062723c751e8b465ee728b)  -> (artifact id: '3ca8a325ef2886965cd5766710d6de58') in 0.017630 seconds
  Import took 0.023080 seconds .

========================================================================
Received Prepare
Registering precompiled user dll's ...
Registered in 0.001672 seconds.
Begin MonoManager ReloadAssembly
Native extension for WindowsStandalone target not found
Native extension for WebGL target not found
Refreshing native plugins compatible for Editor in 0.33 ms, found 0 plugins.
Preloading 0 native plugins for Editor in 0.00 ms.
Invoked RoslynAnalysisRunner static constructor.
RoslynAnalysisRunner will not be running.
RoslynAnalysisRunner has terminated.
Mono: successfully reloaded assembly
- Completed reload, in  0.997 seconds
Platform modules already initialized, skipping
Refreshing native plugins compatible for Editor in 0.35 ms, found 0 plugins.
Preloading 0 native plugins for Editor in 0.00 ms.
Unloading 1340 Unused Serialized files (Serialized files now loaded: 0)
System memory in use before: 83.6 MB.
System memory in use after: 83.7 MB.

Unloading 6 unused Assets to reduce memory usage. Loaded Objects now: 1895.
Total: 2.534700 ms (FindLiveObjects: 0.213100 ms CreateObjectMapping: 0.047600 ms MarkObjects: 2.178000 ms  DeleteObjects: 0.095200 ms)

========================================================================
Received Prepare
Registering precompiled user dll's ...
Registered in 0.001263 seconds.
Begin MonoManager ReloadAssembly
Native extension for WindowsStandalone target not found
Native extension for WebGL target not found
Refreshing native plugins compatible for Editor in 0.31 ms, found 0 plugins.
Preloading 0 native plugins for Editor in 0.00 ms.
Invoked RoslynAnalysisRunner static constructor.
RoslynAnalysisRunner will not be running.
RoslynAnalysisRunner has terminated.
Mono: successfully reloaded assembly
- Completed reload, in  0.923 seconds
Platform modules already initialized, skipping
Refreshing native plugins compatible for Editor in 0.36 ms, found 0 plugins.
Preloading 0 native plugins for Editor in 0.00 ms.
Unloading 1340 Unused Serialized files (Serialized files now loaded: 0)
System memory in use before: 83.6 MB.
System memory in use after: 83.7 MB.

Unloading 6 unused Assets to reduce memory usage. Loaded Objects now: 1898.
Total: 2.136300 ms (FindLiveObjects: 0.215200 ms CreateObjectMapping: 0.063800 ms MarkObjects: 1.758100 ms  DeleteObjects: 0.098100 ms)

========================================================================
Received Import Request.
  Time since last request: 69.123279 seconds.
  path: Assets/Level1.unity
  artifactKey: Guid(039cb08a4db15a24ca9dd9ad409aab64) Importer(815301076,1909f56bfc062723c751e8b465ee728b)
Start importing Assets/Level1.unity using Guid(039cb08a4db15a24ca9dd9ad409aab64) Importer(815301076,1909f56bfc062723c751e8b465ee728b)  -> (artifact id: 'd1ba857362c382edf02edeff2930132b') in 0.041230 seconds
  Import took 0.044720 seconds .

========================================================================
Received Import Request.
  Time since last request: 129.083547 seconds.
  path: Assets/Scripts/GameManager.cs
  artifactKey: Guid(17801711969413a47b29d04c0d70facf) Importer(815301076,1909f56bfc062723c751e8b465ee728b)
Start importing Assets/Scripts/GameManager.cs using Guid(17801711969413a47b29d04c0d70facf) Importer(815301076,1909f56bfc062723c751e8b465ee728b)  -> (artifact id: 'c72c8bf099c298f10e0d7457f696aefc') in 0.009135 seconds
  Import took 0.012069 seconds .

========================================================================
Received Import Request.
  Time since last request: 0.030336 seconds.
  path: Assets/Scripts/GameManager.cs
  artifactKey: Guid(17801711969413a47b29d04c0d70facf) Importer(815301076,1909f56bfc062723c751e8b465ee728b)
Start importing Assets/Scripts/GameManager.cs using Guid(17801711969413a47b29d04c0d70facf) Importer(815301076,1909f56bfc062723c751e8b465ee728b)  -> (artifact id: 'c72c8bf099c298f10e0d7457f696aefc') in 0.004618 seconds
  Import took 0.009172 seconds .

========================================================================
Received Prepare
Registering precompiled user dll's ...
Registered in 0.001354 seconds.
Begin MonoManager ReloadAssembly
Native extension for WindowsStandalone target not found
Native extension for WebGL target not found
Refreshing native plugins compatible for Editor in 0.32 ms, found 0 plugins.
Preloading 0 native plugins for Editor in 0.00 ms.
Invoked RoslynAnalysisRunner static constructor.
RoslynAnalysisRunner will not be running.
RoslynAnalysisRunner has terminated.
Mono: successfully reloaded assembly
- Completed reload, in  0.978 seconds
Platform modules already initialized, skipping
Refreshing native plugins compatible for Editor in 0.32 ms, found 0 plugins.
Preloading 0 native plugins for Editor in 0.00 ms.
Unloading 1340 Unused Serialized files (Serialized files now loaded: 0)
System memory in use before: 83.6 MB.
System memory in use after: 83.7 MB.

Unloading 6 unused Assets to reduce memory usage. Loaded Objects now: 1901.
Total: 2.280700 ms (FindLiveObjects: 0.341800 ms CreateObjectMapping: 0.050400 ms MarkObjects: 1.823400 ms  DeleteObjects: 0.063100 ms)

========================================================================
Received Import Request.
  Time since last request: 28.076515 seconds.
  path: Assets/Scripts/HurtEnemy.cs
  artifactKey: Guid(6c0f3394a8b6f074c963ab84c362c303) Importer(815301076,1909f56bfc062723c751e8b465ee728b)
Start importing Assets/Scripts/HurtEnemy.cs using Guid(6c0f3394a8b6f074c963ab84c362c303) Importer(815301076,1909f56bfc062723c751e8b465ee728b)  -> (artifact id: '95034c0dbba17a94429da36b6936c7ba') in 0.043850 seconds
  Import took 0.047374 seconds .

========================================================================
Received Import Request.
  Time since last request: 0.387479 seconds.
  path: Assets/Scripts/HealthPickup.cs
  artifactKey: Guid(a465490d9bc1b264e8338fc2217608ee) Importer(815301076,1909f56bfc062723c751e8b465ee728b)
Start importing Assets/Scripts/HealthPickup.cs using Guid(a465490d9bc1b264e8338fc2217608ee) Importer(815301076,1909f56bfc062723c751e8b465ee728b)  -> (artifact id: 'ace30d81012e9df9154d18d57ae320ba') in 0.041862 seconds
  Import took 0.044907 seconds .

========================================================================
Received Import Request.
  Time since last request: 0.964453 seconds.
  path: Assets/Scripts/PlayerController.cs
  artifactKey: Guid(49e918ef1c513484cb60263ce2fb5381) Importer(815301076,1909f56bfc062723c751e8b465ee728b)
Start importing Assets/Scripts/PlayerController.cs using Guid(49e918ef1c513484cb60263ce2fb5381) Importer(815301076,1909f56bfc062723c751e8b465ee728b)  -> (artifact id: '959820f4b254c73f7c9fc04155a84e2d') in 0.030324 seconds
  Import took 0.033856 seconds .

========================================================================
Received Import Request.
  Time since last request: 0.001200 seconds.
  path: Assets/Scripts/PlayerController.cs
  artifactKey: Guid(49e918ef1c513484cb60263ce2fb5381) Importer(815301076,1909f56bfc062723c751e8b465ee728b)
Start importing Assets/Scripts/PlayerController.cs using Guid(49e918ef1c513484cb60263ce2fb5381) Importer(815301076,1909f56bfc062723c751e8b465ee728b)  -> (artifact id: '959820f4b254c73f7c9fc04155a84e2d') in 0.012500 seconds
  Import took 0.016373 seconds .

========================================================================
Received Prepare
Registering precompiled user dll's ...
Registered in 0.001733 seconds.
Begin MonoManager ReloadAssembly
Native extension for WindowsStandalone target not found
Native extension for WebGL target not found
Refreshing native plugins compatible for Editor in 0.40 ms, found 0 plugins.
Preloading 0 native plugins for Editor in 0.00 ms.
Invoked RoslynAnalysisRunner static constructor.
RoslynAnalysisRunner will not be running.
RoslynAnalysisRunner has terminated.
Mono: successfully reloaded assembly
- Completed reload, in  1.131 seconds
Platform modules already initialized, skipping
Refreshing native plugins compatible for Editor in 0.40 ms, found 0 plugins.
Preloading 0 native plugins for Editor in 0.00 ms.
Unloading 1340 Unused Serialized files (Serialized files now loaded: 0)
System memory in use before: 83.6 MB.
System memory in use after: 83.7 MB.

Unloading 6 unused Assets to reduce memory usage. Loaded Objects now: 1904.
Total: 2.916100 ms (FindLiveObjects: 0.371500 ms CreateObjectMapping: 0.091400 ms MarkObjects: 2.391900 ms  DeleteObjects: 0.059800 ms)

========================================================================
Received Import Request.
  Time since last request: 100.480608 seconds.
  path: Assets/Scripts/WinScreen.cs
  artifactKey: Guid(519f5bc6aeb442f419b4ec453f53e2fe) Importer(815301076,1909f56bfc062723c751e8b465ee728b)
Start importing Assets/Scripts/WinScreen.cs using Guid(519f5bc6aeb442f419b4ec453f53e2fe) Importer(815301076,1909f56bfc062723c751e8b465ee728b)  -> (artifact id: '5d8ea692fc7b71e50d94b90587727da4') in 0.005625 seconds
  Import took 0.008229 seconds .

========================================================================
Received Import Request.
  Time since last request: 0.000329 seconds.
  path: Assets/Scripts/GameManager.cs
  artifactKey: Guid(17801711969413a47b29d04c0d70facf) Importer(815301076,1909f56bfc062723c751e8b465ee728b)
Start importing Assets/Scripts/GameManager.cs using Guid(17801711969413a47b29d04c0d70facf) Importer(815301076,1909f56bfc062723c751e8b465ee728b)  -> (artifact id: 'ac8e36c8911844b363b0c8c374e79c89') in 0.003837 seconds
  Import took 0.006717 seconds .

========================================================================
Received Import Request.
  Time since last request: 26.571934 seconds.
  path: Assets/Scripts/WinScreen.cs
  artifactKey: Guid(519f5bc6aeb442f419b4ec453f53e2fe) Importer(815301076,1909f56bfc062723c751e8b465ee728b)
Start importing Assets/Scripts/WinScreen.cs using Guid(519f5bc6aeb442f419b4ec453f53e2fe) Importer(815301076,1909f56bfc062723c751e8b465ee728b)  -> (artifact id: '00efd9a8f8e754a4d2b52107e935779c') in 0.012258 seconds
  Import took 0.021803 seconds .

========================================================================
Received Prepare
Registering precompiled user dll's ...
Registered in 0.001277 seconds.
Begin MonoManager ReloadAssembly
Native extension for WindowsStandalone target not found
Native extension for WebGL target not found
Refreshing native plugins compatible for Editor in 0.31 ms, found 0 plugins.
Preloading 0 native plugins for Editor in 0.00 ms.
Invoked RoslynAnalysisRunner static constructor.
RoslynAnalysisRunner will not be running.
RoslynAnalysisRunner has terminated.
Mono: successfully reloaded assembly
- Completed reload, in  1.100 seconds
Platform modules already initialized, skipping
Refreshing native plugins compatible for Editor in 0.36 ms, found 0 plugins.
Preloading 0 native plugins for Editor in 0.00 ms.
Unloading 1340 Unused Serialized files (Serialized files now loaded: 0)
System memory in use before: 83.6 MB.
System memory in use after: 83.7 MB.

Unloading 6 unused Assets to reduce memory usage. Loaded Objects now: 1907.
Total: 2.169100 ms (FindLiveObjects: 0.192800 ms CreateObjectMapping: 0.052300 ms MarkObjects: 1.859400 ms  DeleteObjects: 0.063000 ms)

========================================================================
Received Import Request.
  Time since last request: 25.963689 seconds.
  path: Assets/Scripts/WinScreen.cs
  artifactKey: Guid(519f5bc6aeb442f419b4ec453f53e2fe) Importer(815301076,1909f56bfc062723c751e8b465ee728b)
Start importing Assets/Scripts/WinScreen.cs using Guid(519f5bc6aeb442f419b4ec453f53e2fe) Importer(815301076,1909f56bfc062723c751e8b465ee728b)  -> (artifact id: '30a44fee0a83552fbf235264ea34a590') in 0.005549 seconds
  Import took 0.033323 seconds .

========================================================================
Received Import Request.
  Time since last request: 6.251207 seconds.
  path: Assets/Scripts/WinScreen.cs
  artifactKey: Guid(519f5bc6aeb442f419b4ec453f53e2fe) Importer(815301076,1909f56bfc062723c751e8b465ee728b)
Start importing Assets/Scripts/WinScreen.cs using Guid(519f5bc6aeb442f419b4ec453f53e2fe) Importer(815301076,1909f56bfc062723c751e8b465ee728b)  -> (artifact id: '30a44fee0a83552fbf235264ea34a590') in 0.004489 seconds
  Import took 0.008462 seconds .

========================================================================
Received Import Request.
  Time since last request: 122.534506 seconds.
  path: Assets/WinScreen.unity
  artifactKey: Guid(1bb89eaba3855494f9e88f37daff1517) Importer(815301076,1909f56bfc062723c751e8b465ee728b)
Start importing Assets/WinScreen.unity using Guid(1bb89eaba3855494f9e88f37daff1517) Importer(815301076,1909f56bfc062723c751e8b465ee728b)  -> (artifact id: 'c5e3c52205f272ab0127cdd9a2b83a89') in 0.018601 seconds
  Import took 0.022363 seconds .

========================================================================
Received Import Request.
  Time since last request: 0.002436 seconds.
  path: Assets/WinScreen.unity
  artifactKey: Guid(1bb89eaba3855494f9e88f37daff1517) Importer(815301076,1909f56bfc062723c751e8b465ee728b)
Start importing Assets/WinScreen.unity using Guid(1bb89eaba3855494f9e88f37daff1517) Importer(815301076,1909f56bfc062723c751e8b465ee728b)  -> (artifact id: 'c5e3c52205f272ab0127cdd9a2b83a89') in 0.006319 seconds
  Import took 0.012260 seconds .

========================================================================
Received Prepare
Registering precompiled user dll's ...
Registered in 0.001527 seconds.
Begin MonoManager ReloadAssembly
Native extension for WindowsStandalone target not found
Native extension for WebGL target not found
Refreshing native plugins compatible for Editor in 0.37 ms, found 0 plugins.
Preloading 0 native plugins for Editor in 0.00 ms.
Invoked RoslynAnalysisRunner static constructor.
RoslynAnalysisRunner will not be running.
RoslynAnalysisRunner has terminated.
Mono: successfully reloaded assembly
- Completed reload, in  1.353 seconds
Platform modules already initialized, skipping
Refreshing native plugins compatible for Editor in 0.44 ms, found 0 plugins.
Preloading 0 native plugins for Editor in 0.00 ms.
Unloading 1340 Unused Serialized files (Serialized files now loaded: 0)
System memory in use before: 83.6 MB.
System memory in use after: 83.7 MB.

Unloading 6 unused Assets to reduce memory usage. Loaded Objects now: 1910.
Total: 2.257000 ms (FindLiveObjects: 0.403000 ms CreateObjectMapping: 0.096800 ms MarkObjects: 1.693300 ms  DeleteObjects: 0.062100 ms)

========================================================================
Received Prepare
Registering precompiled user dll's ...
Registered in 0.001253 seconds.
Begin MonoManager ReloadAssembly
Native extension for WindowsStandalone target not found
Native extension for WebGL target not found
Refreshing native plugins compatible for Editor in 0.35 ms, found 0 plugins.
Preloading 0 native plugins for Editor in 0.00 ms.
Invoked RoslynAnalysisRunner static constructor.
RoslynAnalysisRunner will not be running.
RoslynAnalysisRunner has terminated.
Mono: successfully reloaded assembly
- Completed reload, in  1.057 seconds
Platform modules already initialized, skipping
Refreshing native plugins compatible for Editor in 0.35 ms, found 0 plugins.
Preloading 0 native plugins for Editor in 0.00 ms.
Unloading 1340 Unused Serialized files (Serialized files now loaded: 0)
System memory in use before: 83.6 MB.
System memory in use after: 83.7 MB.

Unloading 6 unused Assets to reduce memory usage. Loaded Objects now: 1913.
Total: 3.160300 ms (FindLiveObjects: 0.327900 ms CreateObjectMapping: 0.105700 ms MarkObjects: 2.613900 ms  DeleteObjects: 0.111100 ms)

========================================================================
Received Import Request.
  Time since last request: 183.603168 seconds.
  path: Assets/Scripts/WinScreen.cs
  artifactKey: Guid(519f5bc6aeb442f419b4ec453f53e2fe) Importer(815301076,1909f56bfc062723c751e8b465ee728b)
Start importing Assets/Scripts/WinScreen.cs using Guid(519f5bc6aeb442f419b4ec453f53e2fe) Importer(815301076,1909f56bfc062723c751e8b465ee728b)  -> (artifact id: 'b46fdd3562d4a36c7c76aeba48a99748') in 0.007393 seconds
  Import took 0.010383 seconds .

========================================================================
Received Import Request.
  Time since last request: 1.279996 seconds.
  path: Assets/Scripts/WinScreen.cs
  artifactKey: Guid(519f5bc6aeb442f419b4ec453f53e2fe) Importer(815301076,1909f56bfc062723c751e8b465ee728b)
Start importing Assets/Scripts/WinScreen.cs using Guid(519f5bc6aeb442f419b4ec453f53e2fe) Importer(815301076,1909f56bfc062723c751e8b465ee728b)  -> (artifact id: 'b46fdd3562d4a36c7c76aeba48a99748') in 0.028999 seconds
  Import took 0.031973 seconds .

========================================================================
Received Prepare
Registering precompiled user dll's ...
Registered in 0.001130 seconds.
Begin MonoManager ReloadAssembly
Native extension for WindowsStandalone target not found
Native extension for WebGL target not found
Refreshing native plugins compatible for Editor in 0.45 ms, found 0 plugins.
Preloading 0 native plugins for Editor in 0.00 ms.
Invoked RoslynAnalysisRunner static constructor.
RoslynAnalysisRunner will not be running.
RoslynAnalysisRunner has terminated.
Mono: successfully reloaded assembly
- Completed reload, in  0.996 seconds
Platform modules already initialized, skipping
Refreshing native plugins compatible for Editor in 11.47 ms, found 0 plugins.
Preloading 0 native plugins for Editor in 0.00 ms.
Unloading 1340 Unused Serialized files (Serialized files now loaded: 0)
System memory in use before: 83.6 MB.
System memory in use after: 83.7 MB.

Unloading 6 unused Assets to reduce memory usage. Loaded Objects now: 1916.
Total: 12.908200 ms (FindLiveObjects: 0.423600 ms CreateObjectMapping: 0.231900 ms MarkObjects: 12.150100 ms  DeleteObjects: 0.098600 ms)

========================================================================
Received Prepare
Refreshing native plugins compatible for Editor in 1.64 ms, found 0 plugins.
Preloading 0 native plugins for Editor in 0.00 ms.
Unloading 3 Unused Serialized files (Serialized files now loaded: 0)
System memory in use before: 57.0 MB.
System memory in use after: 57.1 MB.

Unloading 3 unused Assets to reduce memory usage. Loaded Objects now: 1916.
Total: 4.477100 ms (FindLiveObjects: 0.319100 ms CreateObjectMapping: 0.185300 ms MarkObjects: 3.725100 ms  DeleteObjects: 0.245700 ms)

========================================================================
Received Import Request.
  Time since last request: 254.408351 seconds.
  path: Assets/MainMenu.unity
  artifactKey: Guid(4f6a003619287474a9d4b7b81ba756f7) Importer(815301076,1909f56bfc062723c751e8b465ee728b)
Start importing Assets/MainMenu.unity using Guid(4f6a003619287474a9d4b7b81ba756f7) Importer(815301076,1909f56bfc062723c751e8b465ee728b)  -> (artifact id: '17c7b99eeb10ebb43ae99dbd065fc449') in 0.023886 seconds
  Import took 0.028993 seconds .

========================================================================
Received Prepare
Registering precompiled user dll's ...
Registered in 0.001180 seconds.
Begin MonoManager ReloadAssembly
Native extension for WindowsStandalone target not found
Native extension for WebGL target not found
Refreshing native plugins compatible for Editor in 0.68 ms, found 0 plugins.
Preloading 0 native plugins for Editor in 0.00 ms.
Invoked RoslynAnalysisRunner static constructor.
RoslynAnalysisRunner will not be running.
RoslynAnalysisRunner has terminated.
Mono: successfully reloaded assembly
- Completed reload, in  1.210 seconds
Platform modules already initialized, skipping
Refreshing native plugins compatible for Editor in 0.30 ms, found 0 plugins.
Preloading 0 native plugins for Editor in 0.00 ms.
Unloading 1340 Unused Serialized files (Serialized files now loaded: 0)
System memory in use before: 83.9 MB.
System memory in use after: 84.0 MB.

Unloading 6 unused Assets to reduce memory usage. Loaded Objects now: 1919.
Total: 2.403600 ms (FindLiveObjects: 0.316900 ms CreateObjectMapping: 0.081400 ms MarkObjects: 1.944900 ms  DeleteObjects: 0.058200 ms)

========================================================================
Received Prepare
Registering precompiled user dll's ...
Registered in 0.001938 seconds.
Begin MonoManager ReloadAssembly
Native extension for WindowsStandalone target not found
Native extension for WebGL target not found
Refreshing native plugins compatible for Editor in 0.43 ms, found 0 plugins.
Preloading 0 native plugins for Editor in 0.00 ms.
Invoked RoslynAnalysisRunner static constructor.
RoslynAnalysisRunner will not be running.
RoslynAnalysisRunner has terminated.
Mono: successfully reloaded assembly
- Completed reload, in  1.132 seconds
Platform modules already initialized, skipping
Refreshing native plugins compatible for Editor in 0.39 ms, found 0 plugins.
Preloading 0 native plugins for Editor in 0.00 ms.
Unloading 1340 Unused Serialized files (Serialized files now loaded: 0)
System memory in use before: 83.9 MB.
System memory in use after: 84.0 MB.

Unloading 6 unused Assets to reduce memory usage. Loaded Objects now: 1922.
Total: 3.612600 ms (FindLiveObjects: 0.270000 ms CreateObjectMapping: 0.067600 ms MarkObjects: 3.153200 ms  DeleteObjects: 0.119500 ms)

========================================================================
Received Prepare
Registering precompiled user dll's ...
Registered in 0.001510 seconds.
Begin MonoManager ReloadAssembly
Native extension for WindowsStandalone target not found
Native extension for WebGL target not found
Refreshing native plugins compatible for Editor in 0.34 ms, found 0 plugins.
Preloading 0 native plugins for Editor in 0.00 ms.
Invoked RoslynAnalysisRunner static constructor.
RoslynAnalysisRunner will not be running.
RoslynAnalysisRunner has terminated.
Mono: successfully reloaded assembly
- Completed reload, in  1.154 seconds
Platform modules already initialized, skipping
Refreshing native plugins compatible for Editor in 0.38 ms, found 0 plugins.
Preloading 0 native plugins for Editor in 0.00 ms.
Unloading 1340 Unused Serialized files (Serialized files now loaded: 0)
System memory in use before: 83.9 MB.
System memory in use after: 84.0 MB.

Unloading 6 unused Assets to reduce memory usage. Loaded Objects now: 1925.
Total: 2.241800 ms (FindLiveObjects: 0.243000 ms CreateObjectMapping: 0.059600 ms MarkObjects: 1.868800 ms  DeleteObjects: 0.068900 ms)

========================================================================
Received Import Request.
  Time since last request: 513.472369 seconds.
  path: Assets/Scripts/GameManager.cs
  artifactKey: Guid(17801711969413a47b29d04c0d70facf) Importer(815301076,1909f56bfc062723c751e8b465ee728b)
Start importing Assets/Scripts/GameManager.cs using Guid(17801711969413a47b29d04c0d70facf) Importer(815301076,1909f56bfc062723c751e8b465ee728b)  -> (artifact id: '2bb7d03bd6a78fe61ff09bfe136cd88b') in 0.011674 seconds
  Import took 0.014256 seconds .

========================================================================
Received Import Request.
  Time since last request: 8.550342 seconds.
  path: Assets/WinScreen.unity
  artifactKey: Guid(1bb89eaba3855494f9e88f37daff1517) Importer(815301076,1909f56bfc062723c751e8b465ee728b)
Start importing Assets/WinScreen.unity using Guid(1bb89eaba3855494f9e88f37daff1517) Importer(815301076,1909f56bfc062723c751e8b465ee728b)  -> (artifact id: '7fe50ef2548aece7e877cd2123ff0b05') in 0.023904 seconds
  Import took 0.026867 seconds .

========================================================================
Received Prepare
Registering precompiled user dll's ...
Registered in 0.001558 seconds.
Begin MonoManager ReloadAssembly
Native extension for WindowsStandalone target not found
Native extension for WebGL target not found
Refreshing native plugins compatible for Editor in 0.34 ms, found 0 plugins.
Preloading 0 native plugins for Editor in 0.00 ms.
Invoked RoslynAnalysisRunner static constructor.
RoslynAnalysisRunner will not be running.
RoslynAnalysisRunner has terminated.
Mono: successfully reloaded assembly
- Completed reload, in  1.327 seconds
Platform modules already initialized, skipping
Refreshing native plugins compatible for Editor in 1.02 ms, found 0 plugins.
Preloading 0 native plugins for Editor in 0.00 ms.
Unloading 1340 Unused Serialized files (Serialized files now loaded: 0)
System memory in use before: 83.9 MB.
System memory in use after: 84.0 MB.

Unloading 6 unused Assets to reduce memory usage. Loaded Objects now: 1928.
Total: 4.366300 ms (FindLiveObjects: 0.334800 ms CreateObjectMapping: 0.125300 ms MarkObjects: 3.842200 ms  DeleteObjects: 0.061500 ms)

========================================================================
Received Prepare
Registering precompiled user dll's ...
Registered in 0.004652 seconds.
Begin MonoManager ReloadAssembly
Native extension for WindowsStandalone target not found
Native extension for WebGL target not found
Refreshing native plugins compatible for Editor in 0.36 ms, found 0 plugins.
Preloading 0 native plugins for Editor in 0.00 ms.
Invoked RoslynAnalysisRunner static constructor.
RoslynAnalysisRunner will not be running.
RoslynAnalysisRunner has terminated.
Mono: successfully reloaded assembly
- Completed reload, in  1.219 seconds
Platform modules already initialized, skipping
Refreshing native plugins compatible for Editor in 0.33 ms, found 0 plugins.
Preloading 0 native plugins for Editor in 0.00 ms.
Unloading 1340 Unused Serialized files (Serialized files now loaded: 0)
System memory in use before: 84.0 MB.
System memory in use after: 84.0 MB.

Unloading 6 unused Assets to reduce memory usage. Loaded Objects now: 1931.
Total: 2.284000 ms (FindLiveObjects: 0.403300 ms CreateObjectMapping: 0.081700 ms MarkObjects: 1.732500 ms  DeleteObjects: 0.062200 ms)

